This file contains any messages produced by compilers while
running configure, to aid debugging if configure makes a mistake.

It was created by cava configure 0.3.5, which was
generated by GNU Autoconf 2.69.  Invocation command line was

  $ ./configure 

## --------- ##
## Platform. ##
## --------- ##

hostname = karlmint
uname -m = x86_64
uname -r = 3.16.0-38-generic
uname -s = Linux
uname -v = #52~14.04.1-Ubuntu SMP Fri May 8 09:43:57 UTC 2015

/usr/bin/uname -p = unknown
/bin/uname -X     = unknown

/bin/arch              = unknown
/usr/bin/arch -k       = unknown
/usr/convex/getsysinfo = unknown
/usr/bin/hostinfo      = unknown
/bin/machine           = unknown
/usr/bin/oslevel       = unknown
/bin/universe          = unknown

PATH: /usr/local/sbin
PATH: /usr/local/bin
PATH: /usr/sbin
PATH: /usr/bin
PATH: /sbin
PATH: /bin
PATH: /usr/games
PATH: /usr/local/games


## ----------- ##
## Core tests. ##
## ----------- ##

configure:2145: checking for a BSD-compatible install
configure:2213: result: /usr/bin/install -c
configure:2224: checking whether build environment is sane
configure:2279: result: yes
configure:2430: checking for a thread-safe mkdir -p
configure:2469: result: /bin/mkdir -p
configure:2476: checking for gawk
configure:2492: found /usr/bin/gawk
configure:2503: result: gawk
configure:2514: checking whether make sets $(MAKE)
configure:2536: result: yes
configure:2565: checking whether make supports nested variables
configure:2582: result: yes
configure:2755: checking for gcc
configure:2771: found /usr/bin/gcc
configure:2782: result: gcc
configure:3011: checking for C compiler version
configure:3020: gcc --version >&5
gcc (Ubuntu 4.8.4-2ubuntu1~14.04) 4.8.4
Copyright (C) 2013 Free Software Foundation, Inc.
This is free software; see the source for copying conditions.  There is NO
warranty; not even for MERCHANTABILITY or FITNESS FOR A PARTICULAR PURPOSE.

configure:3031: $? = 0
configure:3020: gcc -v >&5
Using built-in specs.
COLLECT_GCC=gcc
COLLECT_LTO_WRAPPER=/usr/lib/gcc/x86_64-linux-gnu/4.8/lto-wrapper
Target: x86_64-linux-gnu
Configured with: ../src/configure -v --with-pkgversion='Ubuntu 4.8.4-2ubuntu1~14.04' --with-bugurl=file:///usr/share/doc/gcc-4.8/README.Bugs --enable-languages=c,c++,java,go,d,fortran,objc,obj-c++ --prefix=/usr --program-suffix=-4.8 --enable-shared --enable-linker-build-id --libexecdir=/usr/lib --without-included-gettext --enable-threads=posix --with-gxx-include-dir=/usr/include/c++/4.8 --libdir=/usr/lib --enable-nls --with-sysroot=/ --enable-clocale=gnu --enable-libstdcxx-debug --enable-libstdcxx-time=yes --enable-gnu-unique-object --disable-libmudflap --enable-plugin --with-system-zlib --disable-browser-plugin --enable-java-awt=gtk --enable-gtk-cairo --with-java-home=/usr/lib/jvm/java-1.5.0-gcj-4.8-amd64/jre --enable-java-home --with-jvm-root-dir=/usr/lib/jvm/java-1.5.0-gcj-4.8-amd64 --with-jvm-jar-dir=/usr/lib/jvm-exports/java-1.5.0-gcj-4.8-amd64 --with-arch-directory=amd64 --with-ecj-jar=/usr/share/java/eclipse-ecj.jar --enable-objc-gc --enable-multiarch --disable-werror --with-arch-32=i686 --with-abi=m64 --with-multilib-list=m32,m64,mx32 --with-tune=generic --enable-checking=release --build=x86_64-linux-gnu --host=x86_64-linux-gnu --target=x86_64-linux-gnu
Thread model: posix
gcc version 4.8.4 (Ubuntu 4.8.4-2ubuntu1~14.04) 
configure:3031: $? = 0
configure:3020: gcc -V >&5
gcc: error: unrecognized command line option '-V'
gcc: fatal error: no input files
compilation terminated.
configure:3031: $? = 4
configure:3020: gcc -qversion >&5
gcc: error: unrecognized command line option '-qversion'
gcc: fatal error: no input files
compilation terminated.
configure:3031: $? = 4
configure:3051: checking whether the C compiler works
configure:3073: gcc    conftest.c  >&5
configure:3077: $? = 0
configure:3125: result: yes
configure:3128: checking for C compiler default output file name
configure:3130: result: a.out
configure:3136: checking for suffix of executables
configure:3143: gcc -o conftest    conftest.c  >&5
configure:3147: $? = 0
configure:3169: result: 
configure:3191: checking whether we are cross compiling
configure:3199: gcc -o conftest    conftest.c  >&5
configure:3203: $? = 0
configure:3210: ./conftest
configure:3214: $? = 0
configure:3229: result: no
configure:3234: checking for suffix of object files
configure:3256: gcc -c   conftest.c >&5
configure:3260: $? = 0
configure:3281: result: o
configure:3285: checking whether we are using the GNU C compiler
configure:3304: gcc -c   conftest.c >&5
configure:3304: $? = 0
configure:3313: result: yes
configure:3322: checking whether gcc accepts -g
configure:3342: gcc -c -g  conftest.c >&5
configure:3342: $? = 0
configure:3383: result: yes
configure:3400: checking for gcc option to accept ISO C89
configure:3463: gcc  -c -g -O2  conftest.c >&5
configure:3463: $? = 0
configure:3476: result: none needed
configure:3501: checking whether gcc understands -c and -o together
configure:3523: gcc -c conftest.c -o conftest2.o
configure:3526: $? = 0
configure:3523: gcc -c conftest.c -o conftest2.o
configure:3526: $? = 0
configure:3538: result: yes
configure:3566: checking for style of include used by make
configure:3594: result: GNU
configure:3620: checking dependency style of gcc
configure:3731: result: gcc3
configure:3802: checking for pkg-config
configure:3820: found /usr/bin/pkg-config
configure:3832: result: /usr/bin/pkg-config
configure:3857: checking pkg-config is at least version 0.9.0
configure:3860: result: yes
configure:3870: checking for ALSA
configure:3877: $PKG_CONFIG --exists --print-errors "alsa >= ${ALSA_MIN_VERSION}"
configure:3880: $? = 0
configure:3894: $PKG_CONFIG --exists --print-errors "alsa >= ${ALSA_MIN_VERSION}"
configure:3897: $? = 0
configure:3935: result: yes
configure:3949: checking how to run the C preprocessor
configure:3980: gcc -E  conftest.c
configure:3980: $? = 0
configure:3994: gcc -E  conftest.c
conftest.c:11:28: fatal error: ac_nonexistent.h: No such file or directory
 #include <ac_nonexistent.h>
                            ^
compilation terminated.
configure:3994: $? = 1
configure: failed program was:
| /* confdefs.h */
| #define PACKAGE_NAME "cava"
| #define PACKAGE_TARNAME "cava"
| #define PACKAGE_VERSION "0.3.5"
| #define PACKAGE_STRING "cava 0.3.5"
| #define PACKAGE_BUGREPORT "karl@stavestrand.no"
| #define PACKAGE_URL ""
| #define PACKAGE "cava"
| #define VERSION "0.3.5"
| /* end confdefs.h.  */
| #include <ac_nonexistent.h>
configure:4019: result: gcc -E
configure:4039: gcc -E  conftest.c
configure:4039: $? = 0
configure:4053: gcc -E  conftest.c
conftest.c:11:28: fatal error: ac_nonexistent.h: No such file or directory
 #include <ac_nonexistent.h>
                            ^
compilation terminated.
configure:4053: $? = 1
configure: failed program was:
| /* confdefs.h */
| #define PACKAGE_NAME "cava"
| #define PACKAGE_TARNAME "cava"
| #define PACKAGE_VERSION "0.3.5"
| #define PACKAGE_STRING "cava 0.3.5"
| #define PACKAGE_BUGREPORT "karl@stavestrand.no"
| #define PACKAGE_URL ""
| #define PACKAGE "cava"
| #define VERSION "0.3.5"
| /* end confdefs.h.  */
| #include <ac_nonexistent.h>
configure:4082: checking for grep that handles long lines and -e
configure:4140: result: /bin/grep
configure:4145: checking for egrep
configure:4207: result: /bin/grep -E
configure:4212: checking for ANSI C header files
configure:4232: gcc -c -g -O2  conftest.c >&5
configure:4232: $? = 0
configure:4305: gcc -o conftest -g -O2   conftest.c  >&5
configure:4305: $? = 0
configure:4305: ./conftest
configure:4305: $? = 0
configure:4316: result: yes
configure:4329: checking for sys/types.h
configure:4329: gcc -c -g -O2  conftest.c >&5
configure:4329: $? = 0
configure:4329: result: yes
configure:4329: checking for sys/stat.h
configure:4329: gcc -c -g -O2  conftest.c >&5
configure:4329: $? = 0
configure:4329: result: yes
configure:4329: checking for stdlib.h
configure:4329: gcc -c -g -O2  conftest.c >&5
configure:4329: $? = 0
configure:4329: result: yes
configure:4329: checking for string.h
configure:4329: gcc -c -g -O2  conftest.c >&5
configure:4329: $? = 0
configure:4329: result: yes
configure:4329: checking for memory.h
configure:4329: gcc -c -g -O2  conftest.c >&5
configure:4329: $? = 0
configure:4329: result: yes
configure:4329: checking for strings.h
configure:4329: gcc -c -g -O2  conftest.c >&5
configure:4329: $? = 0
configure:4329: result: yes
configure:4329: checking for inttypes.h
configure:4329: gcc -c -g -O2  conftest.c >&5
configure:4329: $? = 0
configure:4329: result: yes
configure:4329: checking for stdint.h
configure:4329: gcc -c -g -O2  conftest.c >&5
configure:4329: $? = 0
configure:4329: result: yes
configure:4329: checking for unistd.h
configure:4329: gcc -c -g -O2  conftest.c >&5
configure:4329: $? = 0
configure:4329: result: yes
configure:4343: checking for fftw3
configure:4350: $PKG_CONFIG --exists --print-errors "fftw3 >= 3"
configure:4353: $? = 0
configure:4367: $PKG_CONFIG --exists --print-errors "fftw3 >= 3"
configure:4370: $? = 0
configure:4414: result: yes
configure:4422: checking fftw3.h usability
configure:4422: gcc -c -g -O2    conftest.c >&5
configure:4422: $? = 0
configure:4422: result: yes
configure:4422: checking fftw3.h presence
configure:4422: gcc -E    conftest.c
configure:4422: $? = 0
configure:4422: result: yes
configure:4422: checking for fftw3.h
configure:4422: result: yes
configure:4450: checking for ncursesw6-config
configure:4483: result: no
configure:4450: checking for ncursesw5-config
configure:4468: found /usr/bin/ncursesw5-config
configure:4480: result: /usr/bin/ncursesw5-config
configure:4495: checking for initscr in -lncursesw
configure:4520: gcc -o conftest -g -O2    -I/usr/include/ncursesw  conftest.c -lncursesw   -lfftw3   -lncursesw -ltinfo >&5
configure:4520: $? = 0
configure:4529: result: yes
configure:4538: checking for initscr in -lncursesw
configure:4563: gcc -o conftest -g -O2    -I/usr/include/ncursesw  conftest.c -lncursesw   -lfftw3   -lncursesw -ltinfo >&5
configure:4563: $? = 0
configure:4573: result: yes
configure:4587: checking curses.h usability
configure:4587: gcc -c -g -O2    -I/usr/include/ncursesw conftest.c >&5
configure:4587: $? = 0
configure:4587: result: yes
configure:4587: checking curses.h presence
configure:4587: gcc -E    -I/usr/include/ncursesw conftest.c
configure:4587: $? = 0
configure:4587: result: yes
configure:4587: checking for curses.h
configure:4587: result: yes
configure:4748: checking that generated files are newer than configure
configure:4754: result: done
configure:4777: creating ./config.status

## ---------------------- ##
## Running config.status. ##
## ---------------------- ##

This file was extended by cava config.status 0.3.5, which was
generated by GNU Autoconf 2.69.  Invocation command line was

  CONFIG_FILES    = 
  CONFIG_HEADERS  = 
  CONFIG_LINKS    = 
  CONFIG_COMMANDS = 
  $ ./config.status 

on karlmint

config.status:784: creating Makefile
config.status:956: executing depfiles commands

## ---------------- ##
## Cache variables. ##
## ---------------- ##

ac_cv_c_compiler_gnu=yes
ac_cv_env_ALSA_CFLAGS_set=
ac_cv_env_ALSA_CFLAGS_value=
ac_cv_env_ALSA_LIBS_set=
ac_cv_env_ALSA_LIBS_value=
ac_cv_env_CC_set=
ac_cv_env_CC_value=
ac_cv_env_CFLAGS_set=
ac_cv_env_CFLAGS_value=
ac_cv_env_CPPFLAGS_set=
ac_cv_env_CPPFLAGS_value=
ac_cv_env_CPP_set=
ac_cv_env_CPP_value=
ac_cv_env_LDFLAGS_set=
ac_cv_env_LDFLAGS_value=
ac_cv_env_LIBS_set=
ac_cv_env_LIBS_value=
ac_cv_env_PKG_CONFIG_LIBDIR_set=
ac_cv_env_PKG_CONFIG_LIBDIR_value=
ac_cv_env_PKG_CONFIG_PATH_set=
ac_cv_env_PKG_CONFIG_PATH_value=
ac_cv_env_PKG_CONFIG_set=
ac_cv_env_PKG_CONFIG_value=
ac_cv_env_build_alias_set=
ac_cv_env_build_alias_value=
ac_cv_env_fftw3_CFLAGS_set=
ac_cv_env_fftw3_CFLAGS_value=
ac_cv_env_fftw3_LIBS_set=
ac_cv_env_fftw3_LIBS_value=
ac_cv_env_host_alias_set=
ac_cv_env_host_alias_value=
ac_cv_env_target_alias_set=
ac_cv_env_target_alias_value=
ac_cv_header_curses_h=yes
ac_cv_header_fftw3_h=yes
ac_cv_header_inttypes_h=yes
ac_cv_header_memory_h=yes
ac_cv_header_stdc=yes
ac_cv_header_stdint_h=yes
ac_cv_header_stdlib_h=yes
ac_cv_header_string_h=yes
ac_cv_header_strings_h=yes
ac_cv_header_sys_stat_h=yes
ac_cv_header_sys_types_h=yes
ac_cv_header_unistd_h=yes
ac_cv_lib_ncursesw___initscr=yes
ac_cv_lib_ncursesw_initscr=yes
ac_cv_objext=o
ac_cv_path_CURSES_CONFIG=/usr/bin/ncursesw5-config
ac_cv_path_EGREP='/bin/grep -E'
ac_cv_path_GREP=/bin/grep
ac_cv_path_ac_pt_PKG_CONFIG=/usr/bin/pkg-config
ac_cv_path_install='/usr/bin/install -c'
ac_cv_path_mkdir=/bin/mkdir
ac_cv_prog_AWK=gawk
ac_cv_prog_CPP='gcc -E'
ac_cv_prog_ac_ct_CC=gcc
ac_cv_prog_cc_c89=
ac_cv_prog_cc_g=yes
ac_cv_prog_make_make_set=yes
am_cv_CC_dependencies_compiler_type=gcc3
am_cv_make_support_nested_variables=yes
am_cv_prog_cc_c_o=yes
pkg_cv_ALSA_CFLAGS='-I/usr/include/alsa  '
pkg_cv_ALSA_LIBS='-lasound  '
pkg_cv_fftw3_CFLAGS=' '
pkg_cv_fftw3_LIBS='-lfftw3  '

## ----------------- ##
## Output variables. ##
## ----------------- ##

ACLOCAL='${SHELL} /home/karl/conficava/missing aclocal-1.14'
ALSA_CFLAGS='-I/usr/include/alsa  '
ALSA_LIBS='-lasound  '
AMDEPBACKSLASH='\'
AMDEP_FALSE='#'
AMDEP_TRUE=''
AMTAR='$${TAR-tar}'
AM_BACKSLASH='\'
AM_DEFAULT_V='$(AM_DEFAULT_VERBOSITY)'
AM_DEFAULT_VERBOSITY='1'
AM_V='$(V)'
AUTOCONF='${SHELL} /home/karl/conficava/missing autoconf'
AUTOHEADER='${SHELL} /home/karl/conficava/missing autoheader'
AUTOMAKE='${SHELL} /home/karl/conficava/missing automake-1.14'
AWK='gawk'
CC='gcc'
CCDEPMODE='depmode=gcc3'
CFLAGS='-g -O2'
CPP='gcc -E'
CPPFLAGS='   -I/usr/include/ncursesw'
CURSES_CONFIG='/usr/bin/ncursesw5-config'
CYGPATH_W='echo'
DEFS='-DPACKAGE_NAME=\"cava\" -DPACKAGE_TARNAME=\"cava\" -DPACKAGE_VERSION=\"0.3.5\" -DPACKAGE_STRING=\"cava\ 0.3.5\" -DPACKAGE_BUGREPORT=\"karl@stavestrand.no\" -DPACKAGE_URL=\"\" -DPACKAGE=\"cava\" -DVERSION=\"0.3.5\" -DSTDC_HEADERS=1 -DHAVE_SYS_TYPES_H=1 -DHAVE_SYS_STAT_H=1 -DHAVE_STDLIB_H=1 -DHAVE_STRING_H=1 -DHAVE_MEMORY_H=1 -DHAVE_STRINGS_H=1 -DHAVE_INTTYPES_H=1 -DHAVE_STDINT_H=1 -DHAVE_UNISTD_H=1 -DHAVE_FFTW3_H=1 -DHAVE_CURSES_H=1'
DEPDIR='.deps'
ECHO_C=''
ECHO_N='-n'
ECHO_T=''
EGREP='/bin/grep -E'
EXEEXT=''
GREP='/bin/grep'
INSTALL_DATA='${INSTALL} -m 644'
INSTALL_PROGRAM='${INSTALL}'
INSTALL_SCRIPT='${INSTALL}'
INSTALL_STRIP_PROGRAM='$(install_sh) -c -s'
LDFLAGS=''
LIBOBJS=''
LIBS=' -lfftw3   -lncursesw -ltinfo'
LTLIBOBJS=''
MAKEINFO='${SHELL} /home/karl/conficava/missing makeinfo'
MKDIR_P='/bin/mkdir -p'
OBJEXT='o'
PACKAGE='cava'
PACKAGE_BUGREPORT='karl@stavestrand.no'
PACKAGE_NAME='cava'
PACKAGE_STRING='cava 0.3.5'
PACKAGE_TARNAME='cava'
PACKAGE_URL=''
PACKAGE_VERSION='0.3.5'
PATH_SEPARATOR=':'
PKG_CONFIG='/usr/bin/pkg-config'
PKG_CONFIG_LIBDIR=''
PKG_CONFIG_PATH=''
SET_MAKE=''
SHELL='/bin/bash'
STRIP=''
VERSION='0.3.5'
ac_ct_CC='gcc'
am__EXEEXT_FALSE=''
am__EXEEXT_TRUE='#'
am__fastdepCC_FALSE='#'
am__fastdepCC_TRUE=''
am__include='include'
am__isrc=''
am__leading_dot='.'
am__nodep='_no'
am__quote=''
am__tar='$${TAR-tar} chof - "$$tardir"'
am__untar='$${TAR-tar} xf -'
bindir='${exec_prefix}/bin'
build_alias=''
datadir='${datarootdir}'
datarootdir='${prefix}/share'
docdir='${datarootdir}/doc/${PACKAGE_TARNAME}'
dvidir='${docdir}'
exec_prefix='${prefix}'
fftw3_CFLAGS=' '
fftw3_LIBS='-lfftw3  '
host_alias=''
htmldir='${docdir}'
includedir='${prefix}/include'
infodir='${datarootdir}/info'
install_sh='${SHELL} /home/karl/conficava/install-sh'
libdir='${exec_prefix}/lib'
libexecdir='${exec_prefix}/libexec'
localedir='${datarootdir}/locale'
localstatedir='${prefix}/var'
mandir='${datarootdir}/man'
mkdir_p='$(MKDIR_P)'
oldincludedir='/usr/include'
pdfdir='${docdir}'
prefix='/usr/local'
program_transform_name='s,x,x,'
psdir='${docdir}'
sbindir='${exec_prefix}/sbin'
sharedstatedir='${prefix}/com'
sysconfdir='${prefix}/etc'
target_alias=''

## ----------- ##
## confdefs.h. ##
## ----------- ##

/* confdefs.h */
#define PACKAGE_NAME "cava"
#define PACKAGE_TARNAME "cava"
#define PACKAGE_VERSION "0.3.5"
#define PACKAGE_STRING "cava 0.3.5"
#define PACKAGE_BUGREPORT "karl@stavestrand.no"
#define PACKAGE_URL ""
#define PACKAGE "cava"
#define VERSION "0.3.5"
#define STDC_HEADERS 1
#define HAVE_SYS_TYPES_H 1
#define HAVE_SYS_STAT_H 1
#define HAVE_STDLIB_H 1
#define HAVE_STRING_H 1
#define HAVE_MEMORY_H 1
#define HAVE_STRINGS_H 1
#define HAVE_INTTYPES_H 1
#define HAVE_STDINT_H 1
#define HAVE_UNISTD_H 1
#define HAVE_FFTW3_H 1
#define HAVE_CURSES_H 1

configure: exit 0
